<?xml version="1.0" encoding="UTF-8"?>
<!-- Generated by org.testng.reporters.JUnitReportReporter -->
<testsuite skipped="0" hostname="QA-NPOS" name="com.orangeHRM.testcases.Testcase_Login" tests="1" failures="0" timestamp="29 Mar 2021 10:42:49 GMT" time="15.510" errors="0">
  <testcase name="OrgangeHRMLogin" time="15.510" classname="com.orangeHRM.testcases.Testcase_Login"/>
</testsuite> <!-- com.orangeHRM.testcases.Testcase_Login -->
